2019-03-15 14:00:56,513 | INFO  | Refreshing org.apache.activemq.xbean.XBeanBrokerFactory$1@246ae04d: startup date [Fri Mar 15 14:00:56 MSK 2019]; root of context hierarchy | org.apache.activemq.xbean.XBeanBrokerFactory$1 | main
2019-03-15 14:00:58,300 | WARN  | destroyApplicationContextOnStop parameter is deprecated, please use shutdown hooks instead | org.apache.activemq.xbean.XBeanBrokerService | main
2019-03-15 14:00:58,306 | INFO  | PListStore:D:\GitHub\repository\test-repo\JMSProject\libs\apache-activemq-5.4.3\bin\..\data\localhost\tmp_storage started | org.apache.activemq.store.kahadb.plist.PListStore | main
2019-03-15 14:00:58,340 | INFO  | Using Persistence Adapter: KahaDBPersistenceAdapter[D:\GitHub\repository\test-repo\JMSProject\libs\apache-activemq-5.4.3\bin\..\data\kahadb] | org.apache.activemq.broker.BrokerService | main
2019-03-15 14:00:58,612 | INFO  | ActiveMQ 5.4.3 JMS Message Broker (localhost) is starting | org.apache.activemq.broker.BrokerService | main
2019-03-15 14:00:58,612 | INFO  | For help or more information please see: http://activemq.apache.org/ | org.apache.activemq.broker.BrokerService | main
2019-03-15 14:00:58,835 | INFO  | Listening for connections at: tcp://DESKTOP-F9LL7IR:61616 | org.apache.activemq.transport.TransportServerThreadSupport | main
2019-03-15 14:00:58,836 | INFO  | Connector openwire Started | org.apache.activemq.broker.TransportConnector | main
2019-03-15 14:00:58,850 | INFO  | ActiveMQ JMS Message Broker (localhost, ID:DESKTOP-F9LL7IR-3950-1552647658629-0:1) started | org.apache.activemq.broker.BrokerService | main
2019-03-15 14:00:58,935 | INFO  | jetty-7.1.6.v20100715 | org.eclipse.jetty.util.log | main
2019-03-15 14:00:59,308 | INFO  | ActiveMQ WebConsole initialized. | org.apache.activemq.web.WebConsoleStarter | main
2019-03-15 14:00:59,517 | INFO  | Initializing Spring FrameworkServlet 'dispatcher' | /admin | main
2019-03-15 14:01:01,268 | INFO  | ActiveMQ Console at http://0.0.0.0:8161/admin | org.eclipse.jetty.util.log | main
2019-03-15 14:01:01,312 | INFO  | ActiveMQ Web Demos at http://0.0.0.0:8161/demo | org.eclipse.jetty.util.log | main
2019-03-15 14:01:01,369 | INFO  | RESTful file access application at http://0.0.0.0:8161/fileserver | org.eclipse.jetty.util.log | main
2019-03-15 14:01:01,518 | INFO  | Started SelectChannelConnector@0.0.0.0:8161 | org.eclipse.jetty.util.log | main
2019-03-15 14:04:45,279 | INFO  | Connector vm://localhost Started | org.apache.activemq.broker.TransportConnector | qtp657381435-22
2019-03-15 14:09:07,456 | WARN  | Compilation error | org.apache.jasper.compiler.JDTJavaCompiler | qtp657381435-27
org.eclipse.jdt.internal.compiler.classfmt.ClassFormatException
	at org.eclipse.jdt.internal.compiler.classfmt.ClassFileReader.<init>(ClassFileReader.java:298)
	at org.apache.jasper.compiler.JDTJavaCompiler$1.findType(JDTJavaCompiler.java:367)
	at org.apache.jasper.compiler.JDTJavaCompiler$1.findType(JDTJavaCompiler.java:324)
	at org.eclipse.jdt.internal.compiler.lookup.LookupEnvironment.askForType(LookupEnvironment.java:93)
	at org.eclipse.jdt.internal.compiler.lookup.UnresolvedReferenceBinding.resolve(UnresolvedReferenceBinding.java:43)
	at org.eclipse.jdt.internal.compiler.lookup.BinaryTypeBinding.resolveType(BinaryTypeBinding.java:50)
	at org.eclipse.jdt.internal.compiler.lookup.ParameterizedTypeBinding.resolve(ParameterizedTypeBinding.java:772)
	at org.eclipse.jdt.internal.compiler.lookup.BinaryTypeBinding.resolveType(BinaryTypeBinding.java:64)
	at org.eclipse.jdt.internal.compiler.lookup.ParameterizedTypeBinding.resolve(ParameterizedTypeBinding.java:776)
	at org.eclipse.jdt.internal.compiler.lookup.BinaryTypeBinding.resolveType(BinaryTypeBinding.java:64)
	at org.eclipse.jdt.internal.compiler.lookup.BinaryTypeBinding.resolveTypesFor(BinaryTypeBinding.java:748)
	at org.eclipse.jdt.internal.compiler.lookup.BinaryTypeBinding.getMethods(BinaryTypeBinding.java:625)
	at org.eclipse.jdt.internal.compiler.lookup.ParameterizedTypeBinding.getMethods(ParameterizedTypeBinding.java:486)
	at org.eclipse.jdt.internal.compiler.lookup.ParameterizedTypeBinding.getExactMethod(ParameterizedTypeBinding.java:396)
	at org.eclipse.jdt.internal.compiler.lookup.Scope.findExactMethod(Scope.java:715)
	at org.eclipse.jdt.internal.compiler.lookup.Scope.getMethod(Scope.java:2097)
	at org.eclipse.jdt.internal.compiler.ast.MessageSend.resolveType(MessageSend.java:314)
	at org.eclipse.jdt.internal.compiler.ast.MessageSend.resolveType(MessageSend.java:258)
	at org.eclipse.jdt.internal.compiler.ast.LocalDeclaration.resolve(LocalDeclaration.java:199)
	at org.eclipse.jdt.internal.compiler.ast.Block.resolveUsing(Block.java:115)
	at org.eclipse.jdt.internal.compiler.ast.TryStatement.resolve(TryStatement.java:504)
	at org.eclipse.jdt.internal.compiler.ast.AbstractMethodDeclaration.resolveStatements(AbstractMethodDeclaration.java:418)
	at org.eclipse.jdt.internal.compiler.ast.MethodDeclaration.resolveStatements(MethodDeclaration.java:178)
	at org.eclipse.jdt.internal.compiler.ast.AbstractMethodDeclaration.resolve(AbstractMethodDeclaration.java:396)
	at org.eclipse.jdt.internal.compiler.ast.TypeDeclaration.resolve(TypeDeclaration.java:1072)
	at org.eclipse.jdt.internal.compiler.ast.TypeDeclaration.resolve(TypeDeclaration.java:1121)
	at org.eclipse.jdt.internal.compiler.ast.CompilationUnitDeclaration.resolve(CompilationUnitDeclaration.java:305)
	at org.eclipse.jdt.internal.compiler.Compiler.process(Compiler.java:512)
	at org.eclipse.jdt.internal.compiler.Compiler.compile(Compiler.java:329)
	at org.apache.jasper.compiler.JDTJavaCompiler.compile(JDTJavaCompiler.java:503)
	at org.apache.jasper.compiler.Compiler.generateClass(Compiler.java:368)
	at org.apache.jasper.compiler.Compiler.compile(Compiler.java:437)
	at org.apache.jasper.JspCompilationContext.compile(JspCompilationContext.java:608)
	at org.apache.jasper.servlet.JspServletWrapper.loadTagFile(JspServletWrapper.java:261)
	at org.apache.jasper.compiler.TagFileProcessor.loadTagFile(TagFileProcessor.java:683)
	at org.apache.jasper.compiler.TagFileProcessor.access$000(TagFileProcessor.java:88)
	at org.apache.jasper.compiler.TagFileProcessor$TagFileLoaderVisitor.visit(TagFileProcessor.java:739)
	at org.apache.jasper.compiler.Node$CustomTag.accept(Node.java:1501)
	at org.apache.jasper.compiler.Node$Nodes.visit(Node.java:2291)
	at org.apache.jasper.compiler.Node$Visitor.visitBody(Node.java:2341)
	at org.apache.jasper.compiler.TagFileProcessor$TagFileLoaderVisitor.visit(TagFileProcessor.java:743)
	at org.apache.jasper.compiler.Node$CustomTag.accept(Node.java:1501)
	at org.apache.jasper.compiler.Node$Nodes.visit(Node.java:2291)
	at org.apache.jasper.compiler.Node$Visitor.visitBody(Node.java:2341)
	at org.apache.jasper.compiler.TagFileProcessor$TagFileLoaderVisitor.visit(TagFileProcessor.java:743)
	at org.apache.jasper.compiler.Node$CustomTag.accept(Node.java:1501)
	at org.apache.jasper.compiler.Node$Nodes.visit(Node.java:2291)
	at org.apache.jasper.compiler.Node$Visitor.visitBody(Node.java:2341)
	at org.apache.jasper.compiler.Node$Visitor.visit(Node.java:2347)
	at org.apache.jasper.compiler.Node$Root.accept(Node.java:498)
	at org.apache.jasper.compiler.Node$Nodes.visit(Node.java:2291)
	at org.apache.jasper.compiler.TagFileProcessor.loadTagFiles(TagFileProcessor.java:757)
	at org.apache.jasper.compiler.Compiler.generateJava(Compiler.java:222)
	at org.apache.jasper.compiler.Compiler.compile(Compiler.java:435)
	at org.apache.jasper.JspCompilationContext.compile(JspCompilationContext.java:608)
	at org.apache.jasper.servlet.JspServletWrapper.service(JspServletWrapper.java:360)
	at org.apache.jasper.servlet.JspServlet.serviceJspFile(JspServlet.java:486)
	at org.apache.jasper.servlet.JspServlet.service(JspServlet.java:380)
	at javax.servlet.http.HttpServlet.service(HttpServlet.java:806)
	at org.eclipse.jetty.servlet.ServletHolder.handle(ServletHolder.java:527)
	at org.eclipse.jetty.servlet.ServletHandler$CachedChain.doFilter(ServletHandler.java:1216)
	at org.springframework.web.filter.RequestContextFilter.doFilterInternal(RequestContextFilter.java:83)
	at org.springframework.web.filter.OncePerRequestFilter.doFilter(OncePerRequestFilter.java:76)
	at org.eclipse.jetty.servlet.ServletHandler$CachedChain.doFilter(ServletHandler.java:1187)
	at org.apache.activemq.web.SessionFilter.doFilter(SessionFilter.java:45)
	at org.eclipse.jetty.servlet.ServletHandler$CachedChain.doFilter(ServletHandler.java:1187)
	at org.apache.activemq.web.filter.ApplicationContextFilter.doFilter(ApplicationContextFilter.java:81)
	at org.eclipse.jetty.servlet.ServletHandler$CachedChain.doFilter(ServletHandler.java:1187)
	at com.opensymphony.module.sitemesh.filter.PageFilter.parsePage(PageFilter.java:118)
	at com.opensymphony.module.sitemesh.filter.PageFilter.doFilter(PageFilter.java:52)
	at org.eclipse.jetty.servlet.ServletHandler$CachedChain.doFilter(ServletHandler.java:1187)
	at org.eclipse.jetty.servlet.ServletHandler.doHandle(ServletHandler.java:421)
	at org.eclipse.jetty.server.handler.ScopedHandler.handle(ScopedHandler.java:119)
	at org.eclipse.jetty.security.SecurityHandler.handle(SecurityHandler.java:493)
	at org.eclipse.jetty.server.session.SessionHandler.doHandle(SessionHandler.java:225)
	at org.eclipse.jetty.server.handler.ContextHandler.doHandle(ContextHandler.java:930)
	at org.eclipse.jetty.servlet.ServletHandler.doScope(ServletHandler.java:358)
	at org.eclipse.jetty.server.session.SessionHandler.doScope(SessionHandler.java:183)
	at org.eclipse.jetty.server.handler.ContextHandler.doScope(ContextHandler.java:866)
	at org.eclipse.jetty.server.handler.ScopedHandler.handle(ScopedHandler.java:117)
	at org.eclipse.jetty.server.handler.HandlerCollection.handle(HandlerCollection.java:126)
	at org.eclipse.jetty.security.SecurityHandler.handle(SecurityHandler.java:456)
	at org.eclipse.jetty.server.handler.HandlerCollection.handle(HandlerCollection.java:126)
	at org.eclipse.jetty.server.handler.HandlerWrapper.handle(HandlerWrapper.java:113)
	at org.eclipse.jetty.server.Server.handle(Server.java:351)
	at org.eclipse.jetty.server.HttpConnection.handleRequest(HttpConnection.java:594)
	at org.eclipse.jetty.server.HttpConnection$RequestHandler.headerComplete(HttpConnection.java:1042)
	at org.eclipse.jetty.http.HttpParser.parseNext(HttpParser.java:549)
	at org.eclipse.jetty.http.HttpParser.parseAvailable(HttpParser.java:211)
	at org.eclipse.jetty.server.HttpConnection.handle(HttpConnection.java:424)
	at org.eclipse.jetty.io.nio.SelectChannelEndPoint.run(SelectChannelEndPoint.java:506)
	at org.eclipse.jetty.util.thread.QueuedThreadPool$2.run(QueuedThreadPool.java:436)
	at java.lang.Thread.run(Thread.java:748)
2019-03-15 14:09:07,468 | WARN  | Error compiling file: C:\Users\NickMax\AppData\Local\Temp\Jetty_0_0_0_0_8161_admin__admin__9l5s6p\jsp\org\apache\jsp\tag\web\form\forEachMapEntry_tag.java | org.apache.jasper.compiler.Compiler | qtp657381435-27
2019-03-15 14:09:07,473 | WARN  | /admin/message.jsp | org.eclipse.jetty.util.log | qtp657381435-27
org.apache.jasper.JasperException: PWC6033: Unable to compile class for JSP

PWC6197: An error occurred at line: 20 in the jsp file: /WEB-INF/tags/form/forEachMapEntry.tag
PWC6199: Generated servlet error:
The type java.util.Map$Entry cannot be resolved. It is indirectly referenced from required .class files


	at org.apache.jasper.compiler.DefaultErrorHandler.javacError(DefaultErrorHandler.java:123)
	at org.apache.jasper.compiler.ErrorDispatcher.javacError(ErrorDispatcher.java:296)
	at org.apache.jasper.compiler.Compiler.generateClass(Compiler.java:376)
	at org.apache.jasper.compiler.Compiler.compile(Compiler.java:437)
	at org.apache.jasper.JspCompilationContext.compile(JspCompilationContext.java:608)
	at org.apache.jasper.servlet.JspServletWrapper.loadTagFile(JspServletWrapper.java:261)
	at org.apache.jasper.compiler.TagFileProcessor.loadTagFile(TagFileProcessor.java:683)
	at org.apache.jasper.compiler.TagFileProcessor.access$000(TagFileProcessor.java:88)
	at org.apache.jasper.compiler.TagFileProcessor$TagFileLoaderVisitor.visit(TagFileProcessor.java:739)
	at org.apache.jasper.compiler.Node$CustomTag.accept(Node.java:1501)
	at org.apache.jasper.compiler.Node$Nodes.visit(Node.java:2291)
	at org.apache.jasper.compiler.Node$Visitor.visitBody(Node.java:2341)
	at org.apache.jasper.compiler.TagFileProcessor$TagFileLoaderVisitor.visit(TagFileProcessor.java:743)
	at org.apache.jasper.compiler.Node$CustomTag.accept(Node.java:1501)
	at org.apache.jasper.compiler.Node$Nodes.visit(Node.java:2291)
	at org.apache.jasper.compiler.Node$Visitor.visitBody(Node.java:2341)
	at org.apache.jasper.compiler.TagFileProcessor$TagFileLoaderVisitor.visit(TagFileProcessor.java:743)
	at org.apache.jasper.compiler.Node$CustomTag.accept(Node.java:1501)
	at org.apache.jasper.compiler.Node$Nodes.visit(Node.java:2291)
	at org.apache.jasper.compiler.Node$Visitor.visitBody(Node.java:2341)
	at org.apache.jasper.compiler.Node$Visitor.visit(Node.java:2347)
	at org.apache.jasper.compiler.Node$Root.accept(Node.java:498)
	at org.apache.jasper.compiler.Node$Nodes.visit(Node.java:2291)
	at org.apache.jasper.compiler.TagFileProcessor.loadTagFiles(TagFileProcessor.java:757)
	at org.apache.jasper.compiler.Compiler.generateJava(Compiler.java:222)
	at org.apache.jasper.compiler.Compiler.compile(Compiler.java:435)
	at org.apache.jasper.JspCompilationContext.compile(JspCompilationContext.java:608)
	at org.apache.jasper.servlet.JspServletWrapper.service(JspServletWrapper.java:360)
	at org.apache.jasper.servlet.JspServlet.serviceJspFile(JspServlet.java:486)
	at org.apache.jasper.servlet.JspServlet.service(JspServlet.java:380)
	at javax.servlet.http.HttpServlet.service(HttpServlet.java:806)
	at org.eclipse.jetty.servlet.ServletHolder.handle(ServletHolder.java:527)
	at org.eclipse.jetty.servlet.ServletHandler$CachedChain.doFilter(ServletHandler.java:1216)
	at org.springframework.web.filter.RequestContextFilter.doFilterInternal(RequestContextFilter.java:83)
	at org.springframework.web.filter.OncePerRequestFilter.doFilter(OncePerRequestFilter.java:76)
	at org.eclipse.jetty.servlet.ServletHandler$CachedChain.doFilter(ServletHandler.java:1187)
	at org.apache.activemq.web.SessionFilter.doFilter(SessionFilter.java:45)
	at org.eclipse.jetty.servlet.ServletHandler$CachedChain.doFilter(ServletHandler.java:1187)
	at org.apache.activemq.web.filter.ApplicationContextFilter.doFilter(ApplicationContextFilter.java:81)
	at org.eclipse.jetty.servlet.ServletHandler$CachedChain.doFilter(ServletHandler.java:1187)
	at com.opensymphony.module.sitemesh.filter.PageFilter.parsePage(PageFilter.java:118)
	at com.opensymphony.module.sitemesh.filter.PageFilter.doFilter(PageFilter.java:52)
	at org.eclipse.jetty.servlet.ServletHandler$CachedChain.doFilter(ServletHandler.java:1187)
	at org.eclipse.jetty.servlet.ServletHandler.doHandle(ServletHandler.java:421)
	at org.eclipse.jetty.server.handler.ScopedHandler.handle(ScopedHandler.java:119)
	at org.eclipse.jetty.security.SecurityHandler.handle(SecurityHandler.java:493)
	at org.eclipse.jetty.server.session.SessionHandler.doHandle(SessionHandler.java:225)
	at org.eclipse.jetty.server.handler.ContextHandler.doHandle(ContextHandler.java:930)
	at org.eclipse.jetty.servlet.ServletHandler.doScope(ServletHandler.java:358)
	at org.eclipse.jetty.server.session.SessionHandler.doScope(SessionHandler.java:183)
	at org.eclipse.jetty.server.handler.ContextHandler.doScope(ContextHandler.java:866)
	at org.eclipse.jetty.server.handler.ScopedHandler.handle(ScopedHandler.java:117)
	at org.eclipse.jetty.server.handler.HandlerCollection.handle(HandlerCollection.java:126)
	at org.eclipse.jetty.security.SecurityHandler.handle(SecurityHandler.java:456)
	at org.eclipse.jetty.server.handler.HandlerCollection.handle(HandlerCollection.java:126)
	at org.eclipse.jetty.server.handler.HandlerWrapper.handle(HandlerWrapper.java:113)
	at org.eclipse.jetty.server.Server.handle(Server.java:351)
	at org.eclipse.jetty.server.HttpConnection.handleRequest(HttpConnection.java:594)
	at org.eclipse.jetty.server.HttpConnection$RequestHandler.headerComplete(HttpConnection.java:1042)
	at org.eclipse.jetty.http.HttpParser.parseNext(HttpParser.java:549)
	at org.eclipse.jetty.http.HttpParser.parseAvailable(HttpParser.java:211)
	at org.eclipse.jetty.server.HttpConnection.handle(HttpConnection.java:424)
	at org.eclipse.jetty.io.nio.SelectChannelEndPoint.run(SelectChannelEndPoint.java:506)
	at org.eclipse.jetty.util.thread.QueuedThreadPool$2.run(QueuedThreadPool.java:436)
	at java.lang.Thread.run(Thread.java:748)
